<?xml version="1.0" encoding="UTF-8"?>
<testng-results ignored="0" total="4" passed="3" failed="1" skipped="0">
  <reporter-output>
    <line>
      <![CDATA[Before Suite]]>
    </line>
    <line>
      <![CDATA[hlo]]>
    </line>
    <line>
      <![CDATA[After Suite]]>
    </line>
  </reporter-output>
  <suite started-at="2022-06-24T03:10:29 GMT-07:00" name="Suite1" finished-at="2022-06-24T03:11:43 GMT-07:00" duration-ms="74832">
    <groups>
      <group name="Group-1">
        <method signature="UserNameTest.UserNameTest()[pri:3, instance:testNg.UserNameTest@bd4dc25]" name="UserNameTest" class="testNg.UserNameTest"/>
      </group> <!-- Group-1 -->
    </groups>
    <test started-at="2022-06-24T03:10:29 GMT-07:00" name="Nopackage" finished-at="2022-06-24T03:11:43 GMT-07:00" duration-ms="74832">
      <class name="testNg.GoogleSearchbarTest">
        <test-method signature="GoogleSearchbarTest()[pri:0, instance:testNg.GoogleSearchbarTest@1613674b]" started-at="2022-06-24T03:10:29 GMT-07:00" name="GoogleSearchbarTest" finished-at="2022-06-24T03:10:43 GMT-07:00" duration-ms="14686" status="PASS">
          <reporter-output>
          </reporter-output>
        </test-method> <!-- GoogleSearchbarTest -->
      </class> <!-- testNg.GoogleSearchbarTest -->
      <class name="testNg.UserNameTest">
        <test-method is-config="true" signature="BeforeSuite()[pri:0, instance:testNg.UserNameTest@bd4dc25]" started-at="2022-06-24T03:10:29 GMT-07:00" name="BeforeSuite" finished-at="2022-06-24T03:10:29 GMT-07:00" duration-ms="13" status="PASS">
          <reporter-output>
            <line>
              <![CDATA[Before Suite]]>
            </line>
          </reporter-output>
        </test-method> <!-- BeforeSuite -->
        <test-method is-config="true" signature="beforeclass()[pri:0, instance:testNg.UserNameTest@bd4dc25]" started-at="2022-06-24T03:10:43 GMT-07:00" name="beforeclass" finished-at="2022-06-24T03:10:43 GMT-07:00" duration-ms="1" status="PASS">
          <reporter-output>
          </reporter-output>
        </test-method> <!-- beforeclass -->
        <test-method is-config="true" signature="beforeMethod()[pri:0, instance:testNg.UserNameTest@bd4dc25]" started-at="2022-06-24T03:10:43 GMT-07:00" name="beforeMethod" finished-at="2022-06-24T03:10:46 GMT-07:00" duration-ms="2333" status="PASS">
          <reporter-output>
          </reporter-output>
        </test-method> <!-- beforeMethod -->
        <test-method signature="GoogleSearchbarTest()[pri:1, instance:testNg.UserNameTest@bd4dc25]" started-at="2022-06-24T03:10:46 GMT-07:00" name="GoogleSearchbarTest" description="To verify google search for keyword&#039;Selenium Dev&#039;" finished-at="2022-06-24T03:10:56 GMT-07:00" duration-ms="10623" status="FAIL">
          <exception class="java.lang.AssertionError">
            <message>
              <![CDATA[selenium dev-Google Search expected [selenium dev] but found [ChromeDriver: chrome on WINDOWS (b9b64ce3232bce30e1c1b2f9dc23c89f)]]]>
            </message>
            <full-stacktrace>
              <![CDATA[java.lang.AssertionError: selenium dev-Google Search expected [selenium dev] but found [ChromeDriver: chrome on WINDOWS (b9b64ce3232bce30e1c1b2f9dc23c89f)]
at org.testng.Assert.fail(Assert.java:99)
at org.testng.Assert.failNotEquals(Assert.java:1037)
at org.testng.Assert.assertEqualsImpl(Assert.java:140)
at org.testng.Assert.assertEquals(Assert.java:122)
at testNg.UserNameTest.GoogleSearchbarTest(UserNameTest.java:36)
at java.base/jdk.internal.reflect.NativeMethodAccessorImpl.invoke0(Native Method)
at java.base/jdk.internal.reflect.NativeMethodAccessorImpl.invoke(NativeMethodAccessorImpl.java:77)
at java.base/jdk.internal.reflect.DelegatingMethodAccessorImpl.invoke(DelegatingMethodAccessorImpl.java:43)
at java.base/java.lang.reflect.Method.invoke(Method.java:568)
at org.testng.internal.MethodInvocationHelper.invokeMethod(MethodInvocationHelper.java:133)
at org.testng.internal.TestInvoker.invokeMethod(TestInvoker.java:598)
at org.testng.internal.TestInvoker.invokeTestMethod(TestInvoker.java:173)
at org.testng.internal.MethodRunner.runInSequence(MethodRunner.java:46)
at org.testng.internal.TestInvoker$MethodInvocationAgent.invoke(TestInvoker.java:824)
at org.testng.internal.TestInvoker.invokeTestMethods(TestInvoker.java:146)
at org.testng.internal.TestMethodWorker.invokeTestMethods(TestMethodWorker.java:146)
at org.testng.internal.TestMethodWorker.run(TestMethodWorker.java:128)
at java.base/java.util.ArrayList.forEach(ArrayList.java:1511)
at org.testng.TestRunner.privateRun(TestRunner.java:794)
at org.testng.TestRunner.run(TestRunner.java:596)
at org.testng.SuiteRunner.runTest(SuiteRunner.java:377)
at org.testng.SuiteRunner.runSequentially(SuiteRunner.java:371)
at org.testng.SuiteRunner.privateRun(SuiteRunner.java:332)
at org.testng.SuiteRunner.run(SuiteRunner.java:276)
at org.testng.SuiteRunnerWorker.runSuite(SuiteRunnerWorker.java:53)
at org.testng.SuiteRunnerWorker.run(SuiteRunnerWorker.java:96)
at org.testng.TestNG.runSuitesSequentially(TestNG.java:1212)
at org.testng.TestNG.runSuitesLocally(TestNG.java:1134)
at org.testng.TestNG.runSuites(TestNG.java:1063)
at org.testng.TestNG.run(TestNG.java:1031)
at org.testng.remote.AbstractRemoteTestNG.run(AbstractRemoteTestNG.java:115)
at org.testng.remote.RemoteTestNG.initAndRun(RemoteTestNG.java:251)
at org.testng.remote.RemoteTestNG.main(RemoteTestNG.java:77)
]]>
            </full-stacktrace>
          </exception> <!-- java.lang.AssertionError -->
          <reporter-output>
          </reporter-output>
        </test-method> <!-- GoogleSearchbarTest -->
        <test-method is-config="true" signature="beforeMethod()[pri:0, instance:testNg.UserNameTest@bd4dc25]" started-at="2022-06-24T03:10:56 GMT-07:00" name="beforeMethod" finished-at="2022-06-24T03:11:00 GMT-07:00" duration-ms="3899" status="PASS">
          <reporter-output>
          </reporter-output>
        </test-method> <!-- beforeMethod -->
        <test-method signature="EmailTest()[pri:2, instance:testNg.UserNameTest@bd4dc25]" started-at="2022-06-24T03:11:00 GMT-07:00" name="EmailTest" description="To verify &#039;Email&#039; Test on qatool" finished-at="2022-06-24T03:11:18 GMT-07:00" duration-ms="18228" status="PASS">
          <reporter-output>
          </reporter-output>
        </test-method> <!-- EmailTest -->
        <test-method is-config="true" signature="beforeMethod()[pri:0, instance:testNg.UserNameTest@bd4dc25]" started-at="2022-06-24T03:11:18 GMT-07:00" name="beforeMethod" finished-at="2022-06-24T03:11:28 GMT-07:00" duration-ms="9358" status="PASS">
          <reporter-output>
          </reporter-output>
        </test-method> <!-- beforeMethod -->
        <test-method signature="UserNameTest()[pri:3, instance:testNg.UserNameTest@bd4dc25]" started-at="2022-06-24T03:11:28 GMT-07:00" name="UserNameTest" description="To verify &#039;username&#039; Test on qatool" finished-at="2022-06-24T03:11:43 GMT-07:00" duration-ms="15635" status="PASS">
          <reporter-output>
            <line>
              <![CDATA[hlo]]>
            </line>
          </reporter-output>
        </test-method> <!-- UserNameTest -->
        <test-method is-config="true" signature="afterclass()[pri:0, instance:testNg.UserNameTest@bd4dc25]" started-at="2022-06-24T03:11:43 GMT-07:00" name="afterclass" finished-at="2022-06-24T03:11:43 GMT-07:00" duration-ms="0" status="PASS">
          <reporter-output>
          </reporter-output>
        </test-method> <!-- afterclass -->
        <test-method is-config="true" signature="AfterSuite()[pri:0, instance:testNg.UserNameTest@bd4dc25]" started-at="2022-06-24T03:11:43 GMT-07:00" name="AfterSuite" finished-at="2022-06-24T03:11:43 GMT-07:00" duration-ms="0" status="PASS">
          <reporter-output>
            <line>
              <![CDATA[After Suite]]>
            </line>
          </reporter-output>
        </test-method> <!-- AfterSuite -->
      </class> <!-- testNg.UserNameTest -->
    </test> <!-- Nopackage -->
  </suite> <!-- Suite1 -->
</testng-results>
